<?xml version="1.0" encoding="UTF-8"?>
<!-- Generated by org.testng.reporters.JUnitXMLReporter -->
<testsuite ignored="4" hostname="sanyamwadhwa-1.local" failures="2" tests="3" name="UiCatalog App" time="14.207" errors="0" timestamp="2021-07-11T23:50:37 IST">
  <testcase classname="com.poc.test.BaseTest" name="sampleTest" time="1.639"/>
  <testcase classname="com.poc.test.BaseTest" name="sampleTest" time="0.0">
    <failure type="java.lang.NullPointerException" message="Cannot invoke &amp;quot;io.appium.java_client.AppiumDriver.getPageSource()&amp;quot; because &amp;quot;this.driver&amp;quot; is null">
      <![CDATA[java.lang.NullPointerException: Cannot invoke "io.appium.java_client.AppiumDriver.getPageSource()" because "this.driver" is null
at com.poc.test.BaseTest.sampleTest(BaseTest.java:113)
at java.base/java.util.ArrayList.forEach(ArrayList.java:1511)
... Removed 27 stack frames]]>
    </failure>
  </testcase> <!-- sampleTest -->
  <testcase classname="com.poc.test.handleAlertTests" name="AlertButton" time="0.003">
    <failure type="java.lang.NullPointerException" message="Cannot invoke &amp;quot;POC_Pages.handleAlertPages.clickAlertButton()&amp;quot; because &amp;quot;this.alert&amp;quot; is null">
      <![CDATA[java.lang.NullPointerException: Cannot invoke "POC_Pages.handleAlertPages.clickAlertButton()" because "this.alert" is null
at com.poc.test.handleAlertTests.AlertButton(handleAlertTests.java:20)
at java.base/java.util.ArrayList.forEach(ArrayList.java:1511)
... Removed 27 stack frames]]>
    </failure>
  </testcase> <!-- AlertButton -->
  <testcase classname="com.poc.test.BaseTest" name="@BeforeTest setExtent" time="0.0">
    <ignored/>
  </testcase> <!-- @BeforeTest setExtent -->
  <testcase classname="com.poc.test.BaseTest" name="@AfterTest endReport" time="0.0">
    <ignored/>
  </testcase> <!-- @AfterTest endReport -->
  <testcase classname="com.poc.test.BaseTest" name="@BeforeTest setup" time="0.0">
    <ignored/>
  </testcase> <!-- @BeforeTest setup -->
  <testcase classname="com.poc.test.BaseTest" name="@AfterSuite teardown" time="0.0">
    <ignored/>
  </testcase> <!-- @AfterSuite teardown -->
</testsuite> <!-- UiCatalog App -->
